<?xml version="1.0" encoding="UTF-8"?>
<!-- Generated by org.testng.reporters.JUnitReportReporter -->
<testsuite skipped="0" hostname="CPX-KH0YJBYB6NE" name="day2_DevOps.DevOps_Integration" tests="1" failures="0" timestamp="26 Mar 2019 06:50:52 GMT" time="0.021" errors="0">
  <testcase name="firstDevOpsTest" time="0.021" classname="day2_DevOps.DevOps_Integration"/>
</testsuite> <!-- day2_DevOps.DevOps_Integration -->
